[4.141s] Invoking command in '/home/adcspi/740_ADS/ADS/ros_ads_loop': PYTHONPATH=/home/adcspi/740_ADS/ADS/build/ros_ads_loop/prefix_override:/home/adcspi/740_ADS/ADS/install/ros_ads_loop/lib/python3.10/site-packages:${PYTHONPATH} VIRTUAL_ENV_PROMPT=(env) /home/adcspi/740_ADS/ADS/env/bin/python3 -W ignore:setup.py install is deprecated setup.py egg_info --egg-base ../build/ros_ads_loop build --build-base /home/adcspi/740_ADS/ADS/build/ros_ads_loop/build install --record /home/adcspi/740_ADS/ADS/build/ros_ads_loop/install.log --single-version-externally-managed install_data
[5.177s] running egg_info
[5.180s] writing ../build/ros_ads_loop/ros_ads_loop.egg-info/PKG-INFO
[5.182s] writing dependency_links to ../build/ros_ads_loop/ros_ads_loop.egg-info/dependency_links.txt
[5.183s] writing entry points to ../build/ros_ads_loop/ros_ads_loop.egg-info/entry_points.txt
[5.184s] writing requirements to ../build/ros_ads_loop/ros_ads_loop.egg-info/requires.txt
[5.185s] writing top-level names to ../build/ros_ads_loop/ros_ads_loop.egg-info/top_level.txt
[5.194s] reading manifest file '../build/ros_ads_loop/ros_ads_loop.egg-info/SOURCES.txt'
[5.200s] writing manifest file '../build/ros_ads_loop/ros_ads_loop.egg-info/SOURCES.txt'
[5.201s] running build
[5.202s] running build_py
[5.203s] copying ros_ads_loop/icm20948_lib.py -> /home/adcspi/740_ADS/ADS/build/ros_ads_loop/build/lib/ros_ads_loop
[5.205s] copying ros_ads_loop/ADS_ROS_CLASS.py -> /home/adcspi/740_ADS/ADS/build/ros_ads_loop/build/lib/ros_ads_loop
[5.207s] copying ros_ads_loop/pni_rm3100.py -> /home/adcspi/740_ADS/ADS/build/ros_ads_loop/build/lib/ros_ads_loop
[5.209s] copying ros_ads_loop/AD7994.py -> /home/adcspi/740_ADS/ADS/build/ros_ads_loop/build/lib/ros_ads_loop
[5.212s] running install
[5.213s] running install_lib
[5.217s] copying /home/adcspi/740_ADS/ADS/build/ros_ads_loop/build/lib/ros_ads_loop/icm20948_lib.py -> /home/adcspi/740_ADS/ADS/install/ros_ads_loop/lib/python3.10/site-packages/ros_ads_loop
[5.220s] copying /home/adcspi/740_ADS/ADS/build/ros_ads_loop/build/lib/ros_ads_loop/ADS_ROS_CLASS.py -> /home/adcspi/740_ADS/ADS/install/ros_ads_loop/lib/python3.10/site-packages/ros_ads_loop
[5.222s] copying /home/adcspi/740_ADS/ADS/build/ros_ads_loop/build/lib/ros_ads_loop/pni_rm3100.py -> /home/adcspi/740_ADS/ADS/install/ros_ads_loop/lib/python3.10/site-packages/ros_ads_loop
[5.224s] copying /home/adcspi/740_ADS/ADS/build/ros_ads_loop/build/lib/ros_ads_loop/AD7994.py -> /home/adcspi/740_ADS/ADS/install/ros_ads_loop/lib/python3.10/site-packages/ros_ads_loop
[5.228s] byte-compiling /home/adcspi/740_ADS/ADS/install/ros_ads_loop/lib/python3.10/site-packages/ros_ads_loop/icm20948_lib.py to icm20948_lib.cpython-310.pyc
[5.239s] byte-compiling /home/adcspi/740_ADS/ADS/install/ros_ads_loop/lib/python3.10/site-packages/ros_ads_loop/ADS_ROS_CLASS.py to ADS_ROS_CLASS.cpython-310.pyc
[5.250s] byte-compiling /home/adcspi/740_ADS/ADS/install/ros_ads_loop/lib/python3.10/site-packages/ros_ads_loop/pni_rm3100.py to pni_rm3100.cpython-310.pyc
[5.266s] byte-compiling /home/adcspi/740_ADS/ADS/install/ros_ads_loop/lib/python3.10/site-packages/ros_ads_loop/AD7994.py to AD7994.cpython-310.pyc
[5.268s] running install_data
[5.270s] running install_egg_info
[5.277s] removing '/home/adcspi/740_ADS/ADS/install/ros_ads_loop/lib/python3.10/site-packages/ros_ads_loop-0.0.0-py3.10.egg-info' (and everything under it)
[5.279s] Copying ../build/ros_ads_loop/ros_ads_loop.egg-info to /home/adcspi/740_ADS/ADS/install/ros_ads_loop/lib/python3.10/site-packages/ros_ads_loop-0.0.0-py3.10.egg-info
[5.287s] running install_scripts
[5.372s] Installing ads_suite script to /home/adcspi/740_ADS/ADS/install/ros_ads_loop/lib/ros_ads_loop
[5.375s] writing list of installed files to '/home/adcspi/740_ADS/ADS/build/ros_ads_loop/install.log'
[5.505s] Invoked command in '/home/adcspi/740_ADS/ADS/ros_ads_loop' returned '0': PYTHONPATH=/home/adcspi/740_ADS/ADS/build/ros_ads_loop/prefix_override:/home/adcspi/740_ADS/ADS/install/ros_ads_loop/lib/python3.10/site-packages:${PYTHONPATH} VIRTUAL_ENV_PROMPT=(env) /home/adcspi/740_ADS/ADS/env/bin/python3 -W ignore:setup.py install is deprecated setup.py egg_info --egg-base ../build/ros_ads_loop build --build-base /home/adcspi/740_ADS/ADS/build/ros_ads_loop/build install --record /home/adcspi/740_ADS/ADS/build/ros_ads_loop/install.log --single-version-externally-managed install_data
