/home/klingjac/AERO740/live_visual/ROS2_ADS_Loop/install/ros_ads_loop/lib/python3.10/site-packages/ros_ads_loop/ADS_class.py
/home/klingjac/AERO740/live_visual/ROS2_ADS_Loop/install/ros_ads_loop/lib/python3.10/site-packages/ros_ads_loop/Kalman3D.py
/home/klingjac/AERO740/live_visual/ROS2_ADS_Loop/install/ros_ads_loop/lib/python3.10/site-packages/ros_ads_loop/sun_vect.py
/home/klingjac/AERO740/live_visual/ROS2_ADS_Loop/install/ros_ads_loop/lib/python3.10/site-packages/ros_ads_loop/rtc.py
/home/klingjac/AERO740/live_visual/ROS2_ADS_Loop/install/ros_ads_loop/lib/python3.10/site-packages/ros_ads_loop/AD7994.py
/home/klingjac/AERO740/live_visual/ROS2_ADS_Loop/install/ros_ads_loop/lib/python3.10/site-packages/ros_ads_loop/__init__.py
/home/klingjac/AERO740/live_visual/ROS2_ADS_Loop/install/ros_ads_loop/lib/python3.10/site-packages/ros_ads_loop/eig_helper.py
/home/klingjac/AERO740/live_visual/ROS2_ADS_Loop/install/ros_ads_loop/lib/python3.10/site-packages/ros_ads_loop/QUEST.py
/home/klingjac/AERO740/live_visual/ROS2_ADS_Loop/install/ros_ads_loop/lib/python3.10/site-packages/ros_ads_loop/rviz_publisher.py
/home/klingjac/AERO740/live_visual/ROS2_ADS_Loop/install/ros_ads_loop/lib/python3.10/site-packages/ros_ads_loop/models.py
/home/klingjac/AERO740/live_visual/ROS2_ADS_Loop/install/ros_ads_loop/lib/python3.10/site-packages/ros_ads_loop/correctSensor_v6.py
/home/klingjac/AERO740/live_visual/ROS2_ADS_Loop/install/ros_ads_loop/lib/python3.10/site-packages/ros_ads_loop/TRIAD_C.py
/home/klingjac/AERO740/live_visual/ROS2_ADS_Loop/install/ros_ads_loop/lib/python3.10/site-packages/ros_ads_loop/icm20948_lib.py
/home/klingjac/AERO740/live_visual/ROS2_ADS_Loop/install/ros_ads_loop/lib/python3.10/site-packages/ros_ads_loop/ADS_ROS_CLASS.py
/home/klingjac/AERO740/live_visual/ROS2_ADS_Loop/install/ros_ads_loop/lib/python3.10/site-packages/ros_ads_loop/EKFQ.py
/home/klingjac/AERO740/live_visual/ROS2_ADS_Loop/install/ros_ads_loop/lib/python3.10/site-packages/ros_ads_loop/pni_rm3100.py
/home/klingjac/AERO740/live_visual/ROS2_ADS_Loop/install/ros_ads_loop/lib/python3.10/site-packages/ros_ads_loop/__pycache__/ADS_class.cpython-310.pyc
/home/klingjac/AERO740/live_visual/ROS2_ADS_Loop/install/ros_ads_loop/lib/python3.10/site-packages/ros_ads_loop/__pycache__/Kalman3D.cpython-310.pyc
/home/klingjac/AERO740/live_visual/ROS2_ADS_Loop/install/ros_ads_loop/lib/python3.10/site-packages/ros_ads_loop/__pycache__/sun_vect.cpython-310.pyc
/home/klingjac/AERO740/live_visual/ROS2_ADS_Loop/install/ros_ads_loop/lib/python3.10/site-packages/ros_ads_loop/__pycache__/rtc.cpython-310.pyc
/home/klingjac/AERO740/live_visual/ROS2_ADS_Loop/install/ros_ads_loop/lib/python3.10/site-packages/ros_ads_loop/__pycache__/AD7994.cpython-310.pyc
/home/klingjac/AERO740/live_visual/ROS2_ADS_Loop/install/ros_ads_loop/lib/python3.10/site-packages/ros_ads_loop/__pycache__/__init__.cpython-310.pyc
/home/klingjac/AERO740/live_visual/ROS2_ADS_Loop/install/ros_ads_loop/lib/python3.10/site-packages/ros_ads_loop/__pycache__/eig_helper.cpython-310.pyc
/home/klingjac/AERO740/live_visual/ROS2_ADS_Loop/install/ros_ads_loop/lib/python3.10/site-packages/ros_ads_loop/__pycache__/QUEST.cpython-310.pyc
/home/klingjac/AERO740/live_visual/ROS2_ADS_Loop/install/ros_ads_loop/lib/python3.10/site-packages/ros_ads_loop/__pycache__/rviz_publisher.cpython-310.pyc
/home/klingjac/AERO740/live_visual/ROS2_ADS_Loop/install/ros_ads_loop/lib/python3.10/site-packages/ros_ads_loop/__pycache__/models.cpython-310.pyc
/home/klingjac/AERO740/live_visual/ROS2_ADS_Loop/install/ros_ads_loop/lib/python3.10/site-packages/ros_ads_loop/__pycache__/correctSensor_v6.cpython-310.pyc
/home/klingjac/AERO740/live_visual/ROS2_ADS_Loop/install/ros_ads_loop/lib/python3.10/site-packages/ros_ads_loop/__pycache__/TRIAD_C.cpython-310.pyc
/home/klingjac/AERO740/live_visual/ROS2_ADS_Loop/install/ros_ads_loop/lib/python3.10/site-packages/ros_ads_loop/__pycache__/icm20948_lib.cpython-310.pyc
/home/klingjac/AERO740/live_visual/ROS2_ADS_Loop/install/ros_ads_loop/lib/python3.10/site-packages/ros_ads_loop/__pycache__/ADS_ROS_CLASS.cpython-310.pyc
/home/klingjac/AERO740/live_visual/ROS2_ADS_Loop/install/ros_ads_loop/lib/python3.10/site-packages/ros_ads_loop/__pycache__/EKFQ.cpython-310.pyc
/home/klingjac/AERO740/live_visual/ROS2_ADS_Loop/install/ros_ads_loop/lib/python3.10/site-packages/ros_ads_loop/__pycache__/pni_rm3100.cpython-310.pyc
/home/klingjac/AERO740/live_visual/ROS2_ADS_Loop/install/ros_ads_loop/share/ament_index/resource_index/packages/ros_ads_loop
/home/klingjac/AERO740/live_visual/ROS2_ADS_Loop/install/ros_ads_loop/share/ros_ads_loop/package.xml
/home/klingjac/AERO740/live_visual/ROS2_ADS_Loop/install/ros_ads_loop/share/ros_ads_loop/models/VirtualSatv8.stl
/home/klingjac/AERO740/live_visual/ROS2_ADS_Loop/install/ros_ads_loop/lib/python3.10/site-packages/ros_ads_loop-0.0.0-py3.10.egg-info/dependency_links.txt
/home/klingjac/AERO740/live_visual/ROS2_ADS_Loop/install/ros_ads_loop/lib/python3.10/site-packages/ros_ads_loop-0.0.0-py3.10.egg-info/top_level.txt
/home/klingjac/AERO740/live_visual/ROS2_ADS_Loop/install/ros_ads_loop/lib/python3.10/site-packages/ros_ads_loop-0.0.0-py3.10.egg-info/SOURCES.txt
/home/klingjac/AERO740/live_visual/ROS2_ADS_Loop/install/ros_ads_loop/lib/python3.10/site-packages/ros_ads_loop-0.0.0-py3.10.egg-info/requires.txt
/home/klingjac/AERO740/live_visual/ROS2_ADS_Loop/install/ros_ads_loop/lib/python3.10/site-packages/ros_ads_loop-0.0.0-py3.10.egg-info/zip-safe
/home/klingjac/AERO740/live_visual/ROS2_ADS_Loop/install/ros_ads_loop/lib/python3.10/site-packages/ros_ads_loop-0.0.0-py3.10.egg-info/entry_points.txt
/home/klingjac/AERO740/live_visual/ROS2_ADS_Loop/install/ros_ads_loop/lib/python3.10/site-packages/ros_ads_loop-0.0.0-py3.10.egg-info/PKG-INFO
/home/klingjac/AERO740/live_visual/ROS2_ADS_Loop/install/ros_ads_loop/lib/ros_ads_loop/ads_suite
/home/klingjac/AERO740/live_visual/ROS2_ADS_Loop/install/ros_ads_loop/lib/ros_ads_loop/rviz_publisher
