[4.041s] Invoking command in '/home/adcspi/740_ADS/ADS/ros_ads_loop': PYTHONPATH=/home/adcspi/740_ADS/ADS/build/ros_ads_loop/prefix_override:/home/adcspi/740_ADS/ADS/install/ros_ads_loop/lib/python3.10/site-packages:${PYTHONPATH} VIRTUAL_ENV_PROMPT=(env) /home/adcspi/740_ADS/ADS/env/bin/python3 -W ignore:setup.py install is deprecated setup.py egg_info --egg-base ../build/ros_ads_loop build --build-base /home/adcspi/740_ADS/ADS/build/ros_ads_loop/build install --record /home/adcspi/740_ADS/ADS/build/ros_ads_loop/install.log --single-version-externally-managed install_data
[5.076s] running egg_info
[5.079s] writing ../build/ros_ads_loop/ros_ads_loop.egg-info/PKG-INFO
[5.083s] writing dependency_links to ../build/ros_ads_loop/ros_ads_loop.egg-info/dependency_links.txt
[5.084s] writing entry points to ../build/ros_ads_loop/ros_ads_loop.egg-info/entry_points.txt
[5.085s] writing requirements to ../build/ros_ads_loop/ros_ads_loop.egg-info/requires.txt
[5.085s] writing top-level names to ../build/ros_ads_loop/ros_ads_loop.egg-info/top_level.txt
[5.095s] reading manifest file '../build/ros_ads_loop/ros_ads_loop.egg-info/SOURCES.txt'
[5.109s] writing manifest file '../build/ros_ads_loop/ros_ads_loop.egg-info/SOURCES.txt'
[5.110s] running build
[5.110s] running build_py
[5.113s] copying ros_ads_loop/gps_test.py -> /home/adcspi/740_ADS/ADS/build/ros_ads_loop/build/lib/ros_ads_loop
[5.114s] copying ros_ads_loop/arm_control.py -> /home/adcspi/740_ADS/ADS/build/ros_ads_loop/build/lib/ros_ads_loop
[5.117s] copying ros_ads_loop/ADS_ROS_CLASS.py -> /home/adcspi/740_ADS/ADS/build/ros_ads_loop/build/lib/ros_ads_loop
[5.120s] copying ros_ads_loop/test_arduino_com.py -> /home/adcspi/740_ADS/ADS/build/ros_ads_loop/build/lib/ros_ads_loop
[5.124s] running install
[5.125s] running install_lib
[5.130s] copying /home/adcspi/740_ADS/ADS/build/ros_ads_loop/build/lib/ros_ads_loop/gps_test.py -> /home/adcspi/740_ADS/ADS/install/ros_ads_loop/lib/python3.10/site-packages/ros_ads_loop
[5.130s] copying /home/adcspi/740_ADS/ADS/build/ros_ads_loop/build/lib/ros_ads_loop/arm_control.py -> /home/adcspi/740_ADS/ADS/install/ros_ads_loop/lib/python3.10/site-packages/ros_ads_loop
[5.133s] copying /home/adcspi/740_ADS/ADS/build/ros_ads_loop/build/lib/ros_ads_loop/ADS_ROS_CLASS.py -> /home/adcspi/740_ADS/ADS/install/ros_ads_loop/lib/python3.10/site-packages/ros_ads_loop
[5.136s] copying /home/adcspi/740_ADS/ADS/build/ros_ads_loop/build/lib/ros_ads_loop/test_arduino_com.py -> /home/adcspi/740_ADS/ADS/install/ros_ads_loop/lib/python3.10/site-packages/ros_ads_loop
[5.141s] byte-compiling /home/adcspi/740_ADS/ADS/install/ros_ads_loop/lib/python3.10/site-packages/ros_ads_loop/gps_test.py to gps_test.cpython-310.pyc
[5.143s] byte-compiling /home/adcspi/740_ADS/ADS/install/ros_ads_loop/lib/python3.10/site-packages/ros_ads_loop/arm_control.py to arm_control.cpython-310.pyc
[5.144s]   File "/home/adcspi/740_ADS/ADS/install/ros_ads_loop/lib/python3.10/site-packages/ros_ads_loop/arm_control.py", line 1
[5.145s]     class Arm_Controler()
[5.145s]                          ^
[5.146s] SyntaxError: expected ':'
[5.146s] 
[5.147s] byte-compiling /home/adcspi/740_ADS/ADS/install/ros_ads_loop/lib/python3.10/site-packages/ros_ads_loop/ADS_ROS_CLASS.py to ADS_ROS_CLASS.cpython-310.pyc
[5.159s] byte-compiling /home/adcspi/740_ADS/ADS/install/ros_ads_loop/lib/python3.10/site-packages/ros_ads_loop/test_arduino_com.py to test_arduino_com.cpython-310.pyc
[5.162s] running install_data
[5.165s] running install_egg_info
[5.173s] removing '/home/adcspi/740_ADS/ADS/install/ros_ads_loop/lib/python3.10/site-packages/ros_ads_loop-0.0.0-py3.10.egg-info' (and everything under it)
[5.175s] Copying ../build/ros_ads_loop/ros_ads_loop.egg-info to /home/adcspi/740_ADS/ADS/install/ros_ads_loop/lib/python3.10/site-packages/ros_ads_loop-0.0.0-py3.10.egg-info
[5.183s] running install_scripts
[5.269s] Installing ads_suite script to /home/adcspi/740_ADS/ADS/install/ros_ads_loop/lib/ros_ads_loop
[5.273s] writing list of installed files to '/home/adcspi/740_ADS/ADS/build/ros_ads_loop/install.log'
[5.400s] Invoked command in '/home/adcspi/740_ADS/ADS/ros_ads_loop' returned '0': PYTHONPATH=/home/adcspi/740_ADS/ADS/build/ros_ads_loop/prefix_override:/home/adcspi/740_ADS/ADS/install/ros_ads_loop/lib/python3.10/site-packages:${PYTHONPATH} VIRTUAL_ENV_PROMPT=(env) /home/adcspi/740_ADS/ADS/env/bin/python3 -W ignore:setup.py install is deprecated setup.py egg_info --egg-base ../build/ros_ads_loop build --build-base /home/adcspi/740_ADS/ADS/build/ros_ads_loop/build install --record /home/adcspi/740_ADS/ADS/build/ros_ads_loop/install.log --single-version-externally-managed install_data
