[4.093s] Invoking command in '/home/adcspi/740_ADS/ADS/ros_ads_loop': PYTHONPATH=/home/adcspi/740_ADS/ADS/build/ros_ads_loop/prefix_override:/home/adcspi/740_ADS/ADS/install/ros_ads_loop/lib/python3.10/site-packages:${PYTHONPATH} VIRTUAL_ENV_PROMPT=(env) /home/adcspi/740_ADS/ADS/env/bin/python3 -W ignore:setup.py install is deprecated setup.py egg_info --egg-base ../build/ros_ads_loop build --build-base /home/adcspi/740_ADS/ADS/build/ros_ads_loop/build install --record /home/adcspi/740_ADS/ADS/build/ros_ads_loop/install.log --single-version-externally-managed install_data
[5.114s] running egg_info
[5.118s] writing ../build/ros_ads_loop/ros_ads_loop.egg-info/PKG-INFO
[5.120s] writing dependency_links to ../build/ros_ads_loop/ros_ads_loop.egg-info/dependency_links.txt
[5.121s] writing entry points to ../build/ros_ads_loop/ros_ads_loop.egg-info/entry_points.txt
[5.122s] writing requirements to ../build/ros_ads_loop/ros_ads_loop.egg-info/requires.txt
[5.123s] writing top-level names to ../build/ros_ads_loop/ros_ads_loop.egg-info/top_level.txt
[5.132s] reading manifest file '../build/ros_ads_loop/ros_ads_loop.egg-info/SOURCES.txt'
[5.138s] writing manifest file '../build/ros_ads_loop/ros_ads_loop.egg-info/SOURCES.txt'
[5.139s] running build
[5.140s] running build_py
[5.143s] copying ros_ads_loop/sun_vect.py -> /home/adcspi/740_ADS/ADS/build/ros_ads_loop/build/lib/ros_ads_loop
[5.148s] running install
[5.150s] running install_lib
[5.156s] copying /home/adcspi/740_ADS/ADS/build/ros_ads_loop/build/lib/ros_ads_loop/sun_vect.py -> /home/adcspi/740_ADS/ADS/install/ros_ads_loop/lib/python3.10/site-packages/ros_ads_loop
[5.163s] byte-compiling /home/adcspi/740_ADS/ADS/install/ros_ads_loop/lib/python3.10/site-packages/ros_ads_loop/sun_vect.py to sun_vect.cpython-310.pyc
[5.167s] running install_data
[5.168s] running install_egg_info
[5.175s] removing '/home/adcspi/740_ADS/ADS/install/ros_ads_loop/lib/python3.10/site-packages/ros_ads_loop-0.0.0-py3.10.egg-info' (and everything under it)
[5.177s] Copying ../build/ros_ads_loop/ros_ads_loop.egg-info to /home/adcspi/740_ADS/ADS/install/ros_ads_loop/lib/python3.10/site-packages/ros_ads_loop-0.0.0-py3.10.egg-info
[5.185s] running install_scripts
[5.270s] Installing ads_suite script to /home/adcspi/740_ADS/ADS/install/ros_ads_loop/lib/ros_ads_loop
[5.273s] writing list of installed files to '/home/adcspi/740_ADS/ADS/build/ros_ads_loop/install.log'
[5.400s] Invoked command in '/home/adcspi/740_ADS/ADS/ros_ads_loop' returned '0': PYTHONPATH=/home/adcspi/740_ADS/ADS/build/ros_ads_loop/prefix_override:/home/adcspi/740_ADS/ADS/install/ros_ads_loop/lib/python3.10/site-packages:${PYTHONPATH} VIRTUAL_ENV_PROMPT=(env) /home/adcspi/740_ADS/ADS/env/bin/python3 -W ignore:setup.py install is deprecated setup.py egg_info --egg-base ../build/ros_ads_loop build --build-base /home/adcspi/740_ADS/ADS/build/ros_ads_loop/build install --record /home/adcspi/740_ADS/ADS/build/ros_ads_loop/install.log --single-version-externally-managed install_data
